2014/12/12 23:55:16.427 18728 2684458880 g0   Logger started.
2014/12/12 23:55:16.428 18728 2684458880 g0   SystemdSessionInfoProvider: systemd-logind service available
2014/12/12 23:55:16.428 18728 2684458880 g0   systemd: updating session info by inotify
2014/12/12 23:55:16.429 18728 2684458880 g0   SystemdSeat: New seat seat0 [path=/org/freedesktop/login1/seat/seat0, activeSession='c1', canGraphical=1, canTTY=1, canMultiSession=1]
2014/12/12 23:55:16.430 18728 2684458880 g0   SystemdSession: New session c1 [path=/org/freedesktop/login1/session/c1, TTY= seat=seat0 display=:0 vtnr=8 uid=SysUser_Lin: steven [uid=1000, gid=1000 home=/home/steven gecos=steven,,, shell=/bin/bash] idle=0(0) active=1 type=x11 class=user state=active timestamp=1418376139066150 service=mdm-autologin defaultCG=systemd:/user/1000.user/c1.session leader=1557 audit=0 remote=0 rHost= rUser= killProc=0] SysSession_Lin: 9999 [id=c1, type=3 user=steven tty=8 pseudotty=0 state=user active=1 reliable=1 info=0]
2014/12/12 23:55:16.430 18728 2684458880 g0   Session Information provided by systemd
2014/12/12 23:55:16.430 18728 2684458880 g0   XSocketSessionObserver: watching /tmp/.X11-unix
2014/12/12 23:55:16.431 18728 2684458880 g0!! HasFileOpen Error system:13 "/proc/1/fd" "", Errorcode=11
2014/12/12 23:55:16.431 18728 2684458880 g0!! HasFileOpen Error system:13 "/proc/2/fd" "", Errorcode=11
2014/12/12 23:55:16.431 18728 2684458880 g0!! HasFileOpen Error system:13 "/proc/3/fd" "", Errorcode=11
2014/12/12 23:55:16.431 18728 2684458880 g0!! HasFileOpen Error system:13 "/proc/5/fd" "", Errorcode=11
2014/12/12 23:55:16.431 18728 2684458880 g0!! HasFileOpen Error system:13 "/proc/7/fd" "", Errorcode=11
2014/12/12 23:55:16.432 18728 2684458880 g0!! HasFileOpen Error system:13 "/proc/8/fd" "", Errorcode=11
2014/12/12 23:55:16.432 18728 2684458880 g0!! HasFileOpen Error system:13 "/proc/9/fd" "", Errorcode=11
2014/12/12 23:55:16.432 18728 2684458880 g0!! HasFileOpen Error system:13 "/proc/10/fd" "", Errorcode=11
2014/12/12 23:55:16.432 18728 2684458880 g0!! HasFileOpen Error system:13 "/proc/11/fd" "", Errorcode=11
2014/12/12 23:55:16.432 18728 2684458880 g0!! HasFileOpen Error system:13 "/proc/12/fd" "", Errorcode=11
2014/12/12 23:55:16.432 18728 2684458880 g0!! HasFileOpen Error system:13 "/proc/13/fd" "", Errorcode=11
2014/12/12 23:55:16.432 18728 2684458880 g0!! HasFileOpen Error system:13 "/proc/14/fd" "", Errorcode=11
2014/12/12 23:55:16.432 18728 2684458880 g0!! HasFileOpen Error system:13 "/proc/15/fd" "", Errorcode=11
2014/12/12 23:55:16.432 18728 2684458880 g0!! HasFileOpen Error system:13 "/proc/16/fd" "", Errorcode=11
2014/12/12 23:55:16.432 18728 2684458880 g0!! HasFileOpen Error system:13 "/proc/17/fd" "", Errorcode=11
2014/12/12 23:55:16.432 18728 2684458880 g0!! HasFileOpen Error system:13 "/proc/18/fd" "", Errorcode=11
2014/12/12 23:55:16.433 18728 2684458880 g0!! HasFileOpen Error system:13 "/proc/19/fd" "", Errorcode=11
2014/12/12 23:55:16.433 18728 2684458880 g0!! HasFileOpen Error system:13 "/proc/20/fd" "", Errorcode=11
2014/12/12 23:55:16.433 18728 2684458880 g0!! HasFileOpen Error system:13 "/proc/21/fd" "", Errorcode=11
2014/12/12 23:55:16.433 18728 2684458880 g0!! HasFileOpen Error system:13 "/proc/22/fd" "", Errorcode=11
2014/12/12 23:55:16.433 18728 2684458880 g0!! HasFileOpen Error system:13 "/proc/23/fd" "", Errorcode=11
2014/12/12 23:55:16.433 18728 2684458880 g0!! HasFileOpen Error system:13 "/proc/24/fd" "", Errorcode=11
2014/12/12 23:55:16.433 18728 2684458880 g0!! HasFileOpen Error system:13 "/proc/25/fd" "", Errorcode=11
2014/12/12 23:55:16.433 18728 2684458880 g0!! HasFileOpen Error system:13 "/proc/26/fd" "", Errorcode=11
2014/12/12 23:55:16.433 18728 2684458880 g0!! HasFileOpen Error system:13 "/proc/27/fd" "", Errorcode=11
2014/12/12 23:55:16.433 18728 2684458880 g0!! HasFileOpen Error system:13 "/proc/28/fd" "", Errorcode=11
2014/12/12 23:55:16.433 18728 2684458880 g0!! HasFileOpen Error system:13 "/proc/29/fd" "", Errorcode=11
2014/12/12 23:55:16.433 18728 2684458880 g0!! HasFileOpen Error system:13 "/proc/31/fd" "", Errorcode=11
2014/12/12 23:55:16.434 18728 2684458880 g0!! HasFileOpen Error system:13 "/proc/32/fd" "", Errorcode=11
2014/12/12 23:55:16.434 18728 2684458880 g0!! HasFileOpen Error system:13 "/proc/33/fd" "", Errorcode=11
2014/12/12 23:55:16.434 18728 2684458880 g0!! HasFileOpen Error system:13 "/proc/34/fd" "", Errorcode=11
2014/12/12 23:55:16.434 18728 2684458880 g0!! HasFileOpen Error system:13 "/proc/36/fd" "", Errorcode=11
2014/12/12 23:55:16.434 18728 2684458880 g0!! HasFileOpen Error system:13 "/proc/37/fd" "", Errorcode=11
2014/12/12 23:55:16.434 18728 2684458880 g0!! HasFileOpen Error system:13 "/proc/38/fd" "", Errorcode=11
2014/12/12 23:55:16.434 18728 2684458880 g0!! HasFileOpen Error system:13 "/proc/39/fd" "", Errorcode=11
2014/12/12 23:55:16.434 18728 2684458880 g0!! HasFileOpen Error system:13 "/proc/41/fd" "", Errorcode=11
2014/12/12 23:55:16.434 18728 2684458880 g0!! HasFileOpen Error system:13 "/proc/42/fd" "", Errorcode=11
2014/12/12 23:55:16.434 18728 2684458880 g0!! HasFileOpen Error system:13 "/proc/43/fd" "", Errorcode=11
2014/12/12 23:55:16.434 18728 2684458880 g0!! HasFileOpen Error system:13 "/proc/44/fd" "", Errorcode=11
2014/12/12 23:55:16.434 18728 2684458880 g0!! HasFileOpen Error system:13 "/proc/46/fd" "", Errorcode=11
2014/12/12 23:55:16.435 18728 2684458880 g0!! HasFileOpen Error system:13 "/proc/47/fd" "", Errorcode=11
2014/12/12 23:55:16.435 18728 2684458880 g0!! HasFileOpen Error system:13 "/proc/48/fd" "", Errorcode=11
2014/12/12 23:55:16.435 18728 2684458880 g0!! HasFileOpen Error system:13 "/proc/49/fd" "", Errorcode=11
2014/12/12 23:55:16.435 18728 2684458880 g0!! HasFileOpen Error system:13 "/proc/51/fd" "", Errorcode=11
2014/12/12 23:55:16.435 18728 2684458880 g0!! HasFileOpen Error system:13 "/proc/52/fd" "", Errorcode=11
2014/12/12 23:55:16.435 18728 2684458880 g0!! HasFileOpen Error system:13 "/proc/53/fd" "", Errorcode=11
2014/12/12 23:55:16.435 18728 2684458880 g0!! HasFileOpen Error system:13 "/proc/54/fd" "", Errorcode=11
2014/12/12 23:55:16.435 18728 2684458880 g0!! HasFileOpen Error system:13 "/proc/56/fd" "", Errorcode=11
2014/12/12 23:55:16.435 18728 2684458880 g0!! HasFileOpen Error system:13 "/proc/57/fd" "", Errorcode=11
2014/12/12 23:55:16.435 18728 2684458880 g0!! HasFileOpen Error system:13 "/proc/58/fd" "", Errorcode=11
2014/12/12 23:55:16.435 18728 2684458880 g0!! HasFileOpen Error system:13 "/proc/59/fd" "", Errorcode=11
2014/12/12 23:55:16.436 18728 2684458880 g0!! HasFileOpen Error system:13 "/proc/61/fd" "", Errorcode=11
2014/12/12 23:55:16.436 18728 2684458880 g0!! HasFileOpen Error system:13 "/proc/62/fd" "", Errorcode=11
2014/12/12 23:55:16.436 18728 2684458880 g0!! HasFileOpen Error system:13 "/proc/63/fd" "", Errorcode=11
2014/12/12 23:55:16.436 18728 2684458880 g0!! HasFileOpen Error system:13 "/proc/64/fd" "", Errorcode=11
2014/12/12 23:55:16.436 18728 2684458880 g0!! HasFileOpen Error system:13 "/proc/65/fd" "", Errorcode=11
2014/12/12 23:55:16.436 18728 2684458880 g0!! HasFileOpen Error system:13 "/proc/66/fd" "", Errorcode=11
2014/12/12 23:55:16.436 18728 2684458880 g0!! HasFileOpen Error system:13 "/proc/67/fd" "", Errorcode=11
2014/12/12 23:55:16.436 18728 2684458880 g0!! HasFileOpen Error system:13 "/proc/69/fd" "", Errorcode=11
2014/12/12 23:55:16.436 18728 2684458880 g0!! HasFileOpen Error system:13 "/proc/70/fd" "", Errorcode=11
2014/12/12 23:55:16.436 18728 2684458880 g0!! HasFileOpen Error system:13 "/proc/71/fd" "", Errorcode=11
2014/12/12 23:55:16.436 18728 2684458880 g0!! HasFileOpen Error system:13 "/proc/72/fd" "", Errorcode=11
2014/12/12 23:55:16.436 18728 2684458880 g0!! HasFileOpen Error system:13 "/proc/73/fd" "", Errorcode=11
2014/12/12 23:55:16.437 18728 2684458880 g0!! HasFileOpen Error system:13 "/proc/76/fd" "", Errorcode=11
2014/12/12 23:55:16.437 18728 2684458880 g0!! HasFileOpen Error system:13 "/proc/78/fd" "", Errorcode=11
2014/12/12 23:55:16.437 18728 2684458880 g0!! HasFileOpen Error system:13 "/proc/79/fd" "", Errorcode=11
2014/12/12 23:55:16.437 18728 2684458880 g0!! HasFileOpen Error system:13 "/proc/80/fd" "", Errorcode=11
2014/12/12 23:55:16.437 18728 2684458880 g0!! HasFileOpen Error system:13 "/proc/81/fd" "", Errorcode=11
2014/12/12 23:55:16.437 18728 2684458880 g0!! HasFileOpen Error system:13 "/proc/82/fd" "", Errorcode=11
2014/12/12 23:55:16.437 18728 2684458880 g0!! HasFileOpen Error system:13 "/proc/83/fd" "", Errorcode=11
2014/12/12 23:55:16.437 18728 2684458880 g0!! HasFileOpen Error system:13 "/proc/84/fd" "", Errorcode=11
2014/12/12 23:55:16.437 18728 2684458880 g0!! HasFileOpen Error system:13 "/proc/96/fd" "", Errorcode=11
2014/12/12 23:55:16.437 18728 2684458880 g0!! HasFileOpen Error system:13 "/proc/120/fd" "", Errorcode=11
2014/12/12 23:55:16.437 18728 2684458880 g0!! HasFileOpen Error system:13 "/proc/121/fd" "", Errorcode=11
2014/12/12 23:55:16.437 18728 2684458880 g0!! HasFileOpen Error system:13 "/proc/172/fd" "", Errorcode=11
2014/12/12 23:55:16.438 18728 2684458880 g0!! HasFileOpen Error system:13 "/proc/196/fd" "", Errorcode=11
2014/12/12 23:55:16.438 18728 2684458880 g0!! HasFileOpen Error system:13 "/proc/202/fd" "", Errorcode=11
2014/12/12 23:55:16.438 18728 2684458880 g0!! HasFileOpen Error system:13 "/proc/203/fd" "", Errorcode=11
2014/12/12 23:55:16.438 18728 2684458880 g0!! HasFileOpen Error system:13 "/proc/204/fd" "", Errorcode=11
2014/12/12 23:55:16.438 18728 2684458880 g0!! HasFileOpen Error system:13 "/proc/205/fd" "", Errorcode=11
2014/12/12 23:55:16.438 18728 2684458880 g0!! HasFileOpen Error system:13 "/proc/206/fd" "", Errorcode=11
2014/12/12 23:55:16.438 18728 2684458880 g0!! HasFileOpen Error system:13 "/proc/209/fd" "", Errorcode=11
2014/12/12 23:55:16.438 18728 2684458880 g0!! HasFileOpen Error system:13 "/proc/216/fd" "", Errorcode=11
2014/12/12 23:55:16.438 18728 2684458880 g0!! HasFileOpen Error system:13 "/proc/260/fd" "", Errorcode=11
2014/12/12 23:55:16.438 18728 2684458880 g0!! HasFileOpen Error system:13 "/proc/286/fd" "", Errorcode=11
2014/12/12 23:55:16.438 18728 2684458880 g0!! HasFileOpen Error system:13 "/proc/287/fd" "", Errorcode=11
2014/12/12 23:55:16.438 18728 2684458880 g0!! HasFileOpen Error system:13 "/proc/288/fd" "", Errorcode=11
2014/12/12 23:55:16.439 18728 2684458880 g0!! HasFileOpen Error system:13 "/proc/412/fd" "", Errorcode=11
2014/12/12 23:55:16.439 18728 2684458880 g0!! HasFileOpen Error system:13 "/proc/416/fd" "", Errorcode=11
2014/12/12 23:55:16.439 18728 2684458880 g0!! HasFileOpen Error system:13 "/proc/497/fd" "", Errorcode=11
2014/12/12 23:55:16.439 18728 2684458880 g0!! HasFileOpen Error system:13 "/proc/514/fd" "", Errorcode=11
2014/12/12 23:55:16.439 18728 2684458880 g0!! HasFileOpen Error system:13 "/proc/534/fd" "", Errorcode=11
2014/12/12 23:55:16.439 18728 2684458880 g0!! HasFileOpen Error system:13 "/proc/535/fd" "", Errorcode=11
2014/12/12 23:55:16.439 18728 2684458880 g0!! HasFileOpen Error system:13 "/proc/573/fd" "", Errorcode=11
2014/12/12 23:55:16.439 18728 2684458880 g0!! HasFileOpen Error system:13 "/proc/650/fd" "", Errorcode=11
2014/12/12 23:55:16.439 18728 2684458880 g0!! HasFileOpen Error system:13 "/proc/653/fd" "", Errorcode=11
2014/12/12 23:55:16.439 18728 2684458880 g0!! HasFileOpen Error system:13 "/proc/673/fd" "", Errorcode=11
2014/12/12 23:55:16.439 18728 2684458880 g0!! HasFileOpen Error system:13 "/proc/743/fd" "", Errorcode=11
2014/12/12 23:55:16.439 18728 2684458880 g0!! HasFileOpen Error system:13 "/proc/831/fd" "", Errorcode=11
2014/12/12 23:55:16.440 18728 2684458880 g0!! HasFileOpen Error system:13 "/proc/849/fd" "", Errorcode=11
2014/12/12 23:55:16.440 18728 2684458880 g0!! HasFileOpen Error system:13 "/proc/875/fd" "", Errorcode=11
2014/12/12 23:55:16.440 18728 2684458880 g0!! HasFileOpen Error system:13 "/proc/881/fd" "", Errorcode=11
2014/12/12 23:55:16.440 18728 2684458880 g0!! HasFileOpen Error system:13 "/proc/895/fd" "", Errorcode=11
2014/12/12 23:55:16.440 18728 2684458880 g0!! HasFileOpen Error system:13 "/proc/899/fd" "", Errorcode=11
2014/12/12 23:55:16.440 18728 2684458880 g0!! HasFileOpen Error system:13 "/proc/911/fd" "", Errorcode=11
2014/12/12 23:55:16.440 18728 2684458880 g0!! HasFileOpen Error system:13 "/proc/935/fd" "", Errorcode=11
2014/12/12 23:55:16.440 18728 2684458880 g0!! HasFileOpen Error system:13 "/proc/942/fd" "", Errorcode=11
2014/12/12 23:55:16.440 18728 2684458880 g0!! HasFileOpen Error system:13 "/proc/944/fd" "", Errorcode=11
2014/12/12 23:55:16.440 18728 2684458880 g0!! HasFileOpen Error system:13 "/proc/954/fd" "", Errorcode=11
2014/12/12 23:55:16.440 18728 2684458880 g0!! HasFileOpen Error system:13 "/proc/962/fd" "", Errorcode=11
2014/12/12 23:55:16.440 18728 2684458880 g0!! HasFileOpen Error system:13 "/proc/963/fd" "", Errorcode=11
2014/12/12 23:55:16.441 18728 2684458880 g0!! HasFileOpen Error system:13 "/proc/1160/fd" "", Errorcode=11
2014/12/12 23:55:16.441 18728 2684458880 g0!! HasFileOpen Error system:13 "/proc/1162/fd" "", Errorcode=11
2014/12/12 23:55:16.441 18728 2684458880 g0!! HasFileOpen Error system:13 "/proc/1168/fd" "", Errorcode=11
2014/12/12 23:55:16.441 18728 2684458880 g0!! HasFileOpen Error system:13 "/proc/1171/fd" "", Errorcode=11
2014/12/12 23:55:16.441 18728 2684458880 g0!! HasFileOpen Error system:13 "/proc/1176/fd" "", Errorcode=11
2014/12/12 23:55:16.441 18728 2684458880 g0!! HasFileOpen Error system:13 "/proc/1178/fd" "", Errorcode=11
2014/12/12 23:55:16.441 18728 2684458880 g0!! HasFileOpen Error system:13 "/proc/1272/fd" "", Errorcode=11
2014/12/12 23:55:16.441 18728 2684458880 g0!! HasFileOpen Error system:13 "/proc/1284/fd" "", Errorcode=11
2014/12/12 23:55:16.441 18728 2684458880 g0!! HasFileOpen Error system:13 "/proc/1365/fd" "", Errorcode=11
2014/12/12 23:55:16.441 18728 2684458880 g0!! HasFileOpen Error system:13 "/proc/1392/fd" "", Errorcode=11
2014/12/12 23:55:16.441 18728 2684458880 g0!! HasFileOpen Error system:13 "/proc/1435/fd" "", Errorcode=11
2014/12/12 23:55:16.441 18728 2684458880 g0!! HasFileOpen Error system:13 "/proc/1508/fd" "", Errorcode=11
2014/12/12 23:55:16.442 18728 2684458880 g0!! HasFileOpen Error system:13 "/proc/1522/fd" "", Errorcode=11
2014/12/12 23:55:16.442 18728 2684458880 g0!! HasFileOpen Error system:13 "/proc/1524/fd" "", Errorcode=11
2014/12/12 23:55:16.442 18728 2684458880 g0!! HasFileOpen Error system:13 "/proc/1533/fd" "", Errorcode=11
2014/12/12 23:55:16.442 18728 2684458880 g0!! HasFileOpen Error system:13 "/proc/1557/fd" "", Errorcode=11
2014/12/12 23:55:16.442 18728 2684458880 g0!! HasFileOpen Error system:13 "/proc/1570/fd" "", Errorcode=11
2014/12/12 23:55:16.442 18728 2684458880 g0!! HasFileOpen Error system:13 "/proc/1660/fd" "", Errorcode=11
2014/12/12 23:55:16.442 18728 2684458880 g0!! HasFileOpen Error system:13 "/proc/1699/fd" "", Errorcode=11
2014/12/12 23:55:16.442 18728 2684458880 g0!! HasFileOpen Error system:13 "/proc/1705/fd" "", Errorcode=11
2014/12/12 23:55:16.442 18728 2684458880 g0!! HasFileOpen Error system:13 "/proc/1748/fd" "", Errorcode=11
2014/12/12 23:55:16.442 18728 2684458880 g0!! HasFileOpen Error system:13 "/proc/1964/fd" "", Errorcode=11
2014/12/12 23:55:16.442 18728 2684458880 g0!! HasFileOpen Error system:13 "/proc/2028/fd" "", Errorcode=11
2014/12/12 23:55:16.443 18728 2684458880 g0!! HasFileOpen Error system:13 "/proc/2125/fd" "", Errorcode=11
2014/12/12 23:55:16.443 18728 2684458880 g0!! HasFileOpen Error system:13 "/proc/2135/fd" "", Errorcode=11
2014/12/12 23:55:16.443 18728 2684458880 g0!! HasFileOpen Error system:13 "/proc/2143/fd" "", Errorcode=11
2014/12/12 23:55:16.443 18728 2684458880 g0!! HasFileOpen Error system:13 "/proc/2333/fd" "", Errorcode=11
2014/12/12 23:55:16.444 18728 2684458880 g0!! HasFileOpen Error system:13 "/proc/2356/fd" "", Errorcode=11
2014/12/12 23:55:16.444 18728 2684458880 g0!! HasFileOpen Error system:13 "/proc/2428/fd" "", Errorcode=11
2014/12/12 23:55:16.444 18728 2684458880 g0!! HasFileOpen Error system:13 "/proc/2509/fd" "", Errorcode=11
2014/12/12 23:55:16.445 18728 2684458880 g0!! HasFileOpen Error system:13 "/proc/2623/fd" "", Errorcode=11
2014/12/12 23:55:16.445 18728 2684458880 g0!! HasFileOpen Error system:13 "/proc/2630/fd" "", Errorcode=11
2014/12/12 23:55:16.446 18728 2684458880 g0!! HasFileOpen Error system:13 "/proc/2633/fd" "", Errorcode=11
2014/12/12 23:55:16.446 18728 2684458880 g0!! HasFileOpen Error system:13 "/proc/2679/fd" "", Errorcode=11
2014/12/12 23:55:16.446 18728 2684458880 g0!! HasFileOpen Error system:13 "/proc/2683/fd" "", Errorcode=11
2014/12/12 23:55:16.446 18728 2684458880 g0!! HasFileOpen Error system:13 "/proc/2700/fd" "", Errorcode=11
2014/12/12 23:55:16.446 18728 2684458880 g0!! HasFileOpen Error system:13 "/proc/2704/fd" "", Errorcode=11
2014/12/12 23:55:16.446 18728 2684458880 g0!! HasFileOpen Error system:13 "/proc/2804/fd" "", Errorcode=11
2014/12/12 23:55:16.446 18728 2684458880 g0!! HasFileOpen Error system:13 "/proc/2822/fd" "", Errorcode=11
2014/12/12 23:55:16.446 18728 2684458880 g0!! HasFileOpen Error system:13 "/proc/2833/fd" "", Errorcode=11
2014/12/12 23:55:16.446 18728 2684458880 g0!! HasFileOpen Error system:13 "/proc/3374/fd" "", Errorcode=11
2014/12/12 23:55:16.446 18728 2684458880 g0!! HasFileOpen Error system:13 "/proc/3389/fd" "", Errorcode=11
2014/12/12 23:55:16.446 18728 2684458880 g0!! HasFileOpen Error system:13 "/proc/3390/fd" "", Errorcode=11
2014/12/12 23:55:16.446 18728 2684458880 g0!! HasFileOpen Error system:13 "/proc/3391/fd" "", Errorcode=11
2014/12/12 23:55:16.446 18728 2684458880 g0!! HasFileOpen Error system:13 "/proc/3392/fd" "", Errorcode=11
2014/12/12 23:55:16.446 18728 2684458880 g0!! HasFileOpen Error system:13 "/proc/3393/fd" "", Errorcode=11
2014/12/12 23:55:16.446 18728 2684458880 g0!! HasFileOpen Error system:13 "/proc/3394/fd" "", Errorcode=11
2014/12/12 23:55:16.446 18728 2684458880 g0!! HasFileOpen Error system:13 "/proc/3395/fd" "", Errorcode=11
2014/12/12 23:55:16.446 18728 2684458880 g0!! HasFileOpen Error system:13 "/proc/3975/fd" "", Errorcode=11
2014/12/12 23:55:16.446 18728 2684458880 g0!! HasFileOpen Error system:13 "/proc/4480/fd" "", Errorcode=11
2014/12/12 23:55:16.447 18728 2684458880 g0!! HasFileOpen Error system:13 "/proc/5373/fd" "", Errorcode=11
2014/12/12 23:55:16.447 18728 2684458880 g0!! HasFileOpen Error system:13 "/proc/5456/fd" "", Errorcode=11
2014/12/12 23:55:16.447 18728 2684458880 g0!! HasFileOpen Error system:13 "/proc/5457/fd" "", Errorcode=11
2014/12/12 23:55:16.447 18728 2684458880 g0!! HasFileOpen Error system:13 "/proc/5458/fd" "", Errorcode=11
2014/12/12 23:55:16.447 18728 2684458880 g0!! HasFileOpen Error system:13 "/proc/5685/fd" "", Errorcode=11
2014/12/12 23:55:16.447 18728 2684458880 g0!! HasFileOpen Error system:13 "/proc/6659/fd" "", Errorcode=11
2014/12/12 23:55:16.447 18728 2684458880 g0!! HasFileOpen Error system:13 "/proc/7383/fd" "", Errorcode=11
2014/12/12 23:55:16.447 18728 2684458880 g0!! HasFileOpen Error system:13 "/proc/7403/fd" "", Errorcode=11
2014/12/12 23:55:16.447 18728 2684458880 g0!! HasFileOpen Error system:13 "/proc/7458/fd" "", Errorcode=11
2014/12/12 23:55:16.447 18728 2684458880 g0!! HasFileOpen Error system:13 "/proc/8842/fd" "", Errorcode=11
2014/12/12 23:55:16.447 18728 2684458880 g0!! HasFileOpen Error system:13 "/proc/9706/fd" "", Errorcode=11
2014/12/12 23:55:16.447 18728 2684458880 g0!! HasFileOpen Error system:13 "/proc/9886/fd" "", Errorcode=11
2014/12/12 23:55:16.447 18728 2684458880 g0!! HasFileOpen Error system:13 "/proc/11967/fd" "", Errorcode=11
2014/12/12 23:55:16.448 18728 2684458880 g0!! HasFileOpen Error system:13 "/proc/12028/fd" "", Errorcode=11
2014/12/12 23:55:16.448 18728 2684458880 g0!! HasFileOpen Error system:13 "/proc/13672/fd" "", Errorcode=11
2014/12/12 23:55:16.448 18728 2684458880 g0!! HasFileOpen Error system:13 "/proc/14193/fd" "", Errorcode=11
2014/12/12 23:55:16.448 18728 2684458880 g0!! HasFileOpen Error system:13 "/proc/14203/fd" "", Errorcode=11
2014/12/12 23:55:16.448 18728 2684458880 g0!! HasFileOpen Error system:13 "/proc/14213/fd" "", Errorcode=11
2014/12/12 23:55:16.448 18728 2684458880 g0!! HasFileOpen Error system:13 "/proc/14214/fd" "", Errorcode=11
2014/12/12 23:55:16.448 18728 2684458880 g0!! HasFileOpen Error system:13 "/proc/14222/fd" "", Errorcode=11
2014/12/12 23:55:16.448 18728 2684458880 g0!! HasFileOpen Error system:13 "/proc/14226/fd" "", Errorcode=11
2014/12/12 23:55:16.448 18728 2684458880 g0!! HasFileOpen Error system:13 "/proc/14230/fd" "", Errorcode=11
2014/12/12 23:55:16.448 18728 2684458880 g0!! HasFileOpen Error system:13 "/proc/14377/fd" "", Errorcode=11
2014/12/12 23:55:16.448 18728 2684458880 g0!! HasFileOpen Error system:13 "/proc/15290/fd" "", Errorcode=11
2014/12/12 23:55:16.448 18728 2684458880 g0!! HasFileOpen Error system:13 "/proc/15880/fd" "", Errorcode=11
2014/12/12 23:55:16.448 18728 2684458880 g0!! HasFileOpen Error system:13 "/proc/15882/fd" "", Errorcode=11
2014/12/12 23:55:16.448 18728 2684458880 g0!! HasFileOpen Error system:13 "/proc/16136/fd" "", Errorcode=11
2014/12/12 23:55:16.448 18728 2684458880 g0!! HasFileOpen Error system:13 "/proc/16944/fd" "", Errorcode=11
2014/12/12 23:55:16.448 18728 2684458880 g0!! HasFileOpen Error system:13 "/proc/16972/fd" "", Errorcode=11
2014/12/12 23:55:16.448 18728 2684458880 g0!! HasFileOpen Error system:13 "/proc/17275/fd" "", Errorcode=11
2014/12/12 23:55:16.448 18728 2684458880 g0!! HasFileOpen Error system:13 "/proc/17399/fd" "", Errorcode=11
2014/12/12 23:55:16.448 18728 2684458880 g0!! HasFileOpen Error system:13 "/proc/17475/fd" "", Errorcode=11
2014/12/12 23:55:16.448 18728 2684458880 g0!! HasFileOpen Error system:13 "/proc/17760/fd" "", Errorcode=11
2014/12/12 23:55:16.448 18728 2684458880 g0!! HasFileOpen Error system:13 "/proc/18014/fd" "", Errorcode=11
2014/12/12 23:55:16.448 18728 2684458880 g0!! HasFileOpen Error system:13 "/proc/18112/fd" "", Errorcode=11
2014/12/12 23:55:16.448 18728 2684458880 g0!! HasFileOpen Error system:13 "/proc/18201/fd" "", Errorcode=11
2014/12/12 23:55:16.448 18728 2684458880 g0!! HasFileOpen Error system:13 "/proc/18233/fd" "", Errorcode=11
2014/12/12 23:55:16.449 18728 2684458880 g0!! HasFileOpen Error system:13 "/proc/18445/fd" "", Errorcode=11
2014/12/12 23:55:16.452 18728 2684458880 g0   XSession: Retrieved XAuth from environment (!)
2014/12/12 23:55:16.458 18728 2684458880 g0   XSocketSessionObserver: thread_interrupted
2014/12/12 23:55:16.462 18728 2684458880 g0   XClipboard: Initialised XFixes (base=87, error=140)
2014/12/12 23:55:16.462 18728 2684458880 g0   TVGuiSlave.64: Running
2014/12/12 23:55:16.440 18731 4116190976 Q0   Logger started.
2014/12/12 23:55:16.442 18731 4116190976 Q0   SystemdSessionInfoProvider: systemd-logind service available
2014/12/12 23:55:16.443 18731 4116190976 Q0   systemd: updating session info by inotify
2014/12/12 23:55:16.443 18731 4116190976 Q0   SystemdSeat: New seat seat0 [path=/org/freedesktop/login1/seat/seat0, activeSession='c1', canGraphical=1, canTTY=1, canMultiSession=1]
2014/12/12 23:55:16.444 18731 4116190976 Q0   SystemdSession: New session c1 [path=/org/freedesktop/login1/session/c1, TTY= seat=seat0 display=:0 vtnr=8 uid=SysUser_Lin: steven [uid=1000, gid=1000 home=/home/steven gecos=steven,,, shell=/bin/bash] idle=0(0) active=1 type=x11 class=user state=active timestamp=1418376139066150 service=mdm-autologin defaultCG=systemd:/user/1000.user/c1.session leader=1557 audit=0 remote=0 rHost= rUser= killProc=0] SysSession_Lin: 9999 [id=c1, type=3 user=steven tty=8 pseudotty=0 state=user active=1 reliable=1 info=0]
2014/12/12 23:55:16.444 18731 4116190976 Q0   Session Information provided by systemd
2014/12/12 23:55:16.444 18731 4116190976 Q0   XSocketSessionObserver: watching /tmp/.X11-unix
2014/12/12 23:55:16.444 18731 4116190976 Q0!! HasFileOpen Error system:13 "/proc/1/fd" ""
2014/12/12 23:55:16.444 18731 4116190976 Q0!! HasFileOpen Error system:13 "/proc/2/fd" ""
2014/12/12 23:55:16.444 18731 4116190976 Q0!! HasFileOpen Error system:13 "/proc/3/fd" ""
2014/12/12 23:55:16.444 18731 4116190976 Q0!! HasFileOpen Error system:13 "/proc/5/fd" ""
2014/12/12 23:55:16.444 18731 4116190976 Q0!! HasFileOpen Error system:13 "/proc/7/fd" ""
2014/12/12 23:55:16.444 18731 4116190976 Q0!! HasFileOpen Error system:13 "/proc/8/fd" ""
2014/12/12 23:55:16.444 18731 4116190976 Q0!! HasFileOpen Error system:13 "/proc/9/fd" ""
2014/12/12 23:55:16.445 18731 4116190976 Q0!! HasFileOpen Error system:13 "/proc/10/fd" ""
2014/12/12 23:55:16.445 18731 4116190976 Q0!! HasFileOpen Error system:13 "/proc/11/fd" ""
2014/12/12 23:55:16.445 18731 4116190976 Q0!! HasFileOpen Error system:13 "/proc/12/fd" ""
2014/12/12 23:55:16.445 18731 4116190976 Q0!! HasFileOpen Error system:13 "/proc/13/fd" ""
2014/12/12 23:55:16.445 18731 4116190976 Q0!! HasFileOpen Error system:13 "/proc/14/fd" ""
2014/12/12 23:55:16.445 18731 4116190976 Q0!! HasFileOpen Error system:13 "/proc/15/fd" ""
2014/12/12 23:55:16.445 18731 4116190976 Q0!! HasFileOpen Error system:13 "/proc/16/fd" ""
2014/12/12 23:55:16.445 18731 4116190976 Q0!! HasFileOpen Error system:13 "/proc/17/fd" ""
2014/12/12 23:55:16.445 18731 4116190976 Q0!! HasFileOpen Error system:13 "/proc/18/fd" ""
2014/12/12 23:55:16.445 18731 4116190976 Q0!! HasFileOpen Error system:13 "/proc/19/fd" ""
2014/12/12 23:55:16.445 18731 4116190976 Q0!! HasFileOpen Error system:13 "/proc/20/fd" ""
2014/12/12 23:55:16.445 18731 4116190976 Q0!! HasFileOpen Error system:13 "/proc/21/fd" ""
2014/12/12 23:55:16.445 18731 4116190976 Q0!! HasFileOpen Error system:13 "/proc/22/fd" ""
2014/12/12 23:55:16.445 18731 4116190976 Q0!! HasFileOpen Error system:13 "/proc/23/fd" ""
2014/12/12 23:55:16.445 18731 4116190976 Q0!! HasFileOpen Error system:13 "/proc/24/fd" ""
2014/12/12 23:55:16.445 18731 4116190976 Q0!! HasFileOpen Error system:13 "/proc/25/fd" ""
2014/12/12 23:55:16.445 18731 4116190976 Q0!! HasFileOpen Error system:13 "/proc/26/fd" ""
2014/12/12 23:55:16.445 18731 4116190976 Q0!! HasFileOpen Error system:13 "/proc/27/fd" ""
2014/12/12 23:55:16.446 18731 4116190976 Q0!! HasFileOpen Error system:13 "/proc/28/fd" ""
2014/12/12 23:55:16.446 18731 4116190976 Q0!! HasFileOpen Error system:13 "/proc/29/fd" ""
2014/12/12 23:55:16.446 18731 4116190976 Q0!! HasFileOpen Error system:13 "/proc/31/fd" ""
2014/12/12 23:55:16.446 18731 4116190976 Q0!! HasFileOpen Error system:13 "/proc/32/fd" ""
2014/12/12 23:55:16.446 18731 4116190976 Q0!! HasFileOpen Error system:13 "/proc/33/fd" ""
2014/12/12 23:55:16.446 18731 4116190976 Q0!! HasFileOpen Error system:13 "/proc/34/fd" ""
2014/12/12 23:55:16.446 18731 4116190976 Q0!! HasFileOpen Error system:13 "/proc/36/fd" ""
2014/12/12 23:55:16.446 18731 4116190976 Q0!! HasFileOpen Error system:13 "/proc/37/fd" ""
2014/12/12 23:55:16.446 18731 4116190976 Q0!! HasFileOpen Error system:13 "/proc/38/fd" ""
2014/12/12 23:55:16.446 18731 4116190976 Q0!! HasFileOpen Error system:13 "/proc/39/fd" ""
2014/12/12 23:55:16.446 18731 4116190976 Q0!! HasFileOpen Error system:13 "/proc/41/fd" ""
2014/12/12 23:55:16.446 18731 4116190976 Q0!! HasFileOpen Error system:13 "/proc/42/fd" ""
2014/12/12 23:55:16.446 18731 4116190976 Q0!! HasFileOpen Error system:13 "/proc/43/fd" ""
2014/12/12 23:55:16.446 18731 4116190976 Q0!! HasFileOpen Error system:13 "/proc/44/fd" ""
2014/12/12 23:55:16.446 18731 4116190976 Q0!! HasFileOpen Error system:13 "/proc/46/fd" ""
2014/12/12 23:55:16.446 18731 4116190976 Q0!! HasFileOpen Error system:13 "/proc/47/fd" ""
2014/12/12 23:55:16.446 18731 4116190976 Q0!! HasFileOpen Error system:13 "/proc/48/fd" ""
2014/12/12 23:55:16.446 18731 4116190976 Q0!! HasFileOpen Error system:13 "/proc/49/fd" ""
2014/12/12 23:55:16.446 18731 4116190976 Q0!! HasFileOpen Error system:13 "/proc/51/fd" ""
2014/12/12 23:55:16.447 18731 4116190976 Q0!! HasFileOpen Error system:13 "/proc/52/fd" ""
2014/12/12 23:55:16.447 18731 4116190976 Q0!! HasFileOpen Error system:13 "/proc/53/fd" ""
2014/12/12 23:55:16.447 18731 4116190976 Q0!! HasFileOpen Error system:13 "/proc/54/fd" ""
2014/12/12 23:55:16.447 18731 4116190976 Q0!! HasFileOpen Error system:13 "/proc/56/fd" ""
2014/12/12 23:55:16.447 18731 4116190976 Q0!! HasFileOpen Error system:13 "/proc/57/fd" ""
2014/12/12 23:55:16.447 18731 4116190976 Q0!! HasFileOpen Error system:13 "/proc/58/fd" ""
2014/12/12 23:55:16.447 18731 4116190976 Q0!! HasFileOpen Error system:13 "/proc/59/fd" ""
2014/12/12 23:55:16.447 18731 4116190976 Q0!! HasFileOpen Error system:13 "/proc/61/fd" ""
2014/12/12 23:55:16.447 18731 4116190976 Q0!! HasFileOpen Error system:13 "/proc/62/fd" ""
2014/12/12 23:55:16.447 18731 4116190976 Q0!! HasFileOpen Error system:13 "/proc/63/fd" ""
2014/12/12 23:55:16.447 18731 4116190976 Q0!! HasFileOpen Error system:13 "/proc/64/fd" ""
2014/12/12 23:55:16.447 18731 4116190976 Q0!! HasFileOpen Error system:13 "/proc/65/fd" ""
2014/12/12 23:55:16.447 18731 4116190976 Q0!! HasFileOpen Error system:13 "/proc/66/fd" ""
2014/12/12 23:55:16.447 18731 4116190976 Q0!! HasFileOpen Error system:13 "/proc/67/fd" ""
2014/12/12 23:55:16.447 18731 4116190976 Q0!! HasFileOpen Error system:13 "/proc/69/fd" ""
2014/12/12 23:55:16.447 18731 4116190976 Q0!! HasFileOpen Error system:13 "/proc/70/fd" ""
2014/12/12 23:55:16.447 18731 4116190976 Q0!! HasFileOpen Error system:13 "/proc/71/fd" ""
2014/12/12 23:55:16.447 18731 4116190976 Q0!! HasFileOpen Error system:13 "/proc/72/fd" ""
2014/12/12 23:55:16.447 18731 4116190976 Q0!! HasFileOpen Error system:13 "/proc/73/fd" ""
2014/12/12 23:55:16.448 18731 4116190976 Q0!! HasFileOpen Error system:13 "/proc/76/fd" ""
2014/12/12 23:55:16.448 18731 4116190976 Q0!! HasFileOpen Error system:13 "/proc/78/fd" ""
2014/12/12 23:55:16.448 18731 4116190976 Q0!! HasFileOpen Error system:13 "/proc/79/fd" ""
2014/12/12 23:55:16.448 18731 4116190976 Q0!! HasFileOpen Error system:13 "/proc/80/fd" ""
2014/12/12 23:55:16.448 18731 4116190976 Q0!! HasFileOpen Error system:13 "/proc/81/fd" ""
2014/12/12 23:55:16.448 18731 4116190976 Q0!! HasFileOpen Error system:13 "/proc/82/fd" ""
2014/12/12 23:55:16.448 18731 4116190976 Q0!! HasFileOpen Error system:13 "/proc/83/fd" ""
2014/12/12 23:55:16.448 18731 4116190976 Q0!! HasFileOpen Error system:13 "/proc/84/fd" ""
2014/12/12 23:55:16.448 18731 4116190976 Q0!! HasFileOpen Error system:13 "/proc/96/fd" ""
2014/12/12 23:55:16.448 18731 4116190976 Q0!! HasFileOpen Error system:13 "/proc/120/fd" ""
2014/12/12 23:55:16.448 18731 4116190976 Q0!! HasFileOpen Error system:13 "/proc/121/fd" ""
2014/12/12 23:55:16.448 18731 4116190976 Q0!! HasFileOpen Error system:13 "/proc/172/fd" ""
2014/12/12 23:55:16.448 18731 4116190976 Q0!! HasFileOpen Error system:13 "/proc/196/fd" ""
2014/12/12 23:55:16.448 18731 4116190976 Q0!! HasFileOpen Error system:13 "/proc/202/fd" ""
2014/12/12 23:55:16.448 18731 4116190976 Q0!! HasFileOpen Error system:13 "/proc/203/fd" ""
2014/12/12 23:55:16.448 18731 4116190976 Q0!! HasFileOpen Error system:13 "/proc/204/fd" ""
2014/12/12 23:55:16.448 18731 4116190976 Q0!! HasFileOpen Error system:13 "/proc/205/fd" ""
2014/12/12 23:55:16.448 18731 4116190976 Q0!! HasFileOpen Error system:13 "/proc/206/fd" ""
2014/12/12 23:55:16.448 18731 4116190976 Q0!! HasFileOpen Error system:13 "/proc/209/fd" ""
2014/12/12 23:55:16.449 18731 4116190976 Q0!! HasFileOpen Error system:13 "/proc/216/fd" ""
2014/12/12 23:55:16.449 18731 4116190976 Q0!! HasFileOpen Error system:13 "/proc/260/fd" ""
2014/12/12 23:55:16.449 18731 4116190976 Q0!! HasFileOpen Error system:13 "/proc/286/fd" ""
2014/12/12 23:55:16.449 18731 4116190976 Q0!! HasFileOpen Error system:13 "/proc/287/fd" ""
2014/12/12 23:55:16.449 18731 4116190976 Q0!! HasFileOpen Error system:13 "/proc/288/fd" ""
2014/12/12 23:55:16.449 18731 4116190976 Q0!! HasFileOpen Error system:13 "/proc/412/fd" ""
2014/12/12 23:55:16.449 18731 4116190976 Q0!! HasFileOpen Error system:13 "/proc/416/fd" ""
2014/12/12 23:55:16.449 18731 4116190976 Q0!! HasFileOpen Error system:13 "/proc/497/fd" ""
2014/12/12 23:55:16.449 18731 4116190976 Q0!! HasFileOpen Error system:13 "/proc/514/fd" ""
2014/12/12 23:55:16.449 18731 4116190976 Q0!! HasFileOpen Error system:13 "/proc/534/fd" ""
2014/12/12 23:55:16.449 18731 4116190976 Q0!! HasFileOpen Error system:13 "/proc/535/fd" ""
2014/12/12 23:55:16.449 18731 4116190976 Q0!! HasFileOpen Error system:13 "/proc/573/fd" ""
2014/12/12 23:55:16.449 18731 4116190976 Q0!! HasFileOpen Error system:13 "/proc/650/fd" ""
2014/12/12 23:55:16.449 18731 4116190976 Q0!! HasFileOpen Error system:13 "/proc/653/fd" ""
2014/12/12 23:55:16.449 18731 4116190976 Q0!! HasFileOpen Error system:13 "/proc/673/fd" ""
2014/12/12 23:55:16.449 18731 4116190976 Q0!! HasFileOpen Error system:13 "/proc/743/fd" ""
2014/12/12 23:55:16.450 18731 4116190976 Q0!! HasFileOpen Error system:13 "/proc/831/fd" ""
2014/12/12 23:55:16.450 18731 4116190976 Q0!! HasFileOpen Error system:13 "/proc/849/fd" ""
2014/12/12 23:55:16.450 18731 4116190976 Q0!! HasFileOpen Error system:13 "/proc/875/fd" ""
2014/12/12 23:55:16.450 18731 4116190976 Q0!! HasFileOpen Error system:13 "/proc/881/fd" ""
2014/12/12 23:55:16.450 18731 4116190976 Q0!! HasFileOpen Error system:13 "/proc/895/fd" ""
2014/12/12 23:55:16.450 18731 4116190976 Q0!! HasFileOpen Error system:13 "/proc/899/fd" ""
2014/12/12 23:55:16.450 18731 4116190976 Q0!! HasFileOpen Error system:13 "/proc/911/fd" ""
2014/12/12 23:55:16.450 18731 4116190976 Q0!! HasFileOpen Error system:13 "/proc/935/fd" ""
2014/12/12 23:55:16.450 18731 4116190976 Q0!! HasFileOpen Error system:13 "/proc/942/fd" ""
2014/12/12 23:55:16.450 18731 4116190976 Q0!! HasFileOpen Error system:13 "/proc/944/fd" ""
2014/12/12 23:55:16.450 18731 4116190976 Q0!! HasFileOpen Error system:13 "/proc/954/fd" ""
2014/12/12 23:55:16.450 18731 4116190976 Q0!! HasFileOpen Error system:13 "/proc/962/fd" ""
2014/12/12 23:55:16.450 18731 4116190976 Q0!! HasFileOpen Error system:13 "/proc/963/fd" ""
2014/12/12 23:55:16.450 18731 4116190976 Q0!! HasFileOpen Error system:13 "/proc/1160/fd" ""
2014/12/12 23:55:16.450 18731 4116190976 Q0!! HasFileOpen Error system:13 "/proc/1162/fd" ""
2014/12/12 23:55:16.450 18731 4116190976 Q0!! HasFileOpen Error system:13 "/proc/1168/fd" ""
2014/12/12 23:55:16.450 18731 4116190976 Q0!! HasFileOpen Error system:13 "/proc/1171/fd" ""
2014/12/12 23:55:16.450 18731 4116190976 Q0!! HasFileOpen Error system:13 "/proc/1176/fd" ""
2014/12/12 23:55:16.450 18731 4116190976 Q0!! HasFileOpen Error system:13 "/proc/1178/fd" ""
2014/12/12 23:55:16.451 18731 4116190976 Q0!! HasFileOpen Error system:13 "/proc/1272/fd" ""
2014/12/12 23:55:16.451 18731 4116190976 Q0!! HasFileOpen Error system:13 "/proc/1284/fd" ""
2014/12/12 23:55:16.451 18731 4116190976 Q0!! HasFileOpen Error system:13 "/proc/1365/fd" ""
2014/12/12 23:55:16.451 18731 4116190976 Q0!! HasFileOpen Error system:13 "/proc/1392/fd" ""
2014/12/12 23:55:16.451 18731 4116190976 Q0!! HasFileOpen Error system:13 "/proc/1435/fd" ""
2014/12/12 23:55:16.451 18731 4116190976 Q0!! HasFileOpen Error system:13 "/proc/1508/fd" ""
2014/12/12 23:55:16.451 18731 4116190976 Q0!! HasFileOpen Error system:13 "/proc/1522/fd" ""
2014/12/12 23:55:16.451 18731 4116190976 Q0!! HasFileOpen Error system:13 "/proc/1524/fd" ""
2014/12/12 23:55:16.451 18731 4116190976 Q0!! HasFileOpen Error system:13 "/proc/1533/fd" ""
2014/12/12 23:55:16.451 18731 4116190976 Q0!! HasFileOpen Error system:13 "/proc/1557/fd" ""
2014/12/12 23:55:16.451 18731 4116190976 Q0!! HasFileOpen Error system:13 "/proc/1570/fd" ""
2014/12/12 23:55:16.451 18731 4116190976 Q0!! HasFileOpen Error system:13 "/proc/1660/fd" ""
2014/12/12 23:55:16.451 18731 4116190976 Q0!! HasFileOpen Error system:13 "/proc/1699/fd" ""
2014/12/12 23:55:16.451 18731 4116190976 Q0!! HasFileOpen Error system:13 "/proc/1705/fd" ""
2014/12/12 23:55:16.451 18731 4116190976 Q0!! HasFileOpen Error system:13 "/proc/1748/fd" ""
2014/12/12 23:55:16.451 18731 4116190976 Q0!! HasFileOpen Error system:13 "/proc/1964/fd" ""
2014/12/12 23:55:16.451 18731 4116190976 Q0!! HasFileOpen Error system:13 "/proc/2028/fd" ""
2014/12/12 23:55:16.452 18731 4116190976 Q0!! HasFileOpen Error system:13 "/proc/2125/fd" ""
2014/12/12 23:55:16.452 18731 4116190976 Q0!! HasFileOpen Error system:13 "/proc/2135/fd" ""
2014/12/12 23:55:16.452 18731 4116190976 Q0!! HasFileOpen Error system:13 "/proc/2143/fd" ""
2014/12/12 23:55:16.453 18731 4116190976 Q0!! HasFileOpen Error system:13 "/proc/2333/fd" ""
2014/12/12 23:55:16.453 18731 4116190976 Q0!! HasFileOpen Error system:13 "/proc/2356/fd" ""
2014/12/12 23:55:16.453 18731 4116190976 Q0!! HasFileOpen Error system:13 "/proc/2428/fd" ""
2014/12/12 23:55:16.453 18731 4116190976 Q0!! HasFileOpen Error system:13 "/proc/2509/fd" ""
2014/12/12 23:55:16.455 18731 4116190976 Q0!! HasFileOpen Error system:13 "/proc/2623/fd" ""
2014/12/12 23:55:16.455 18731 4116190976 Q0!! HasFileOpen Error system:13 "/proc/2630/fd" ""
2014/12/12 23:55:16.455 18731 4116190976 Q0!! HasFileOpen Error system:13 "/proc/2633/fd" ""
2014/12/12 23:55:16.455 18731 4116190976 Q0!! HasFileOpen Error system:13 "/proc/2679/fd" ""
2014/12/12 23:55:16.455 18731 4116190976 Q0!! HasFileOpen Error system:13 "/proc/2683/fd" ""
2014/12/12 23:55:16.455 18731 4116190976 Q0!! HasFileOpen Error system:13 "/proc/2700/fd" ""
2014/12/12 23:55:16.455 18731 4116190976 Q0!! HasFileOpen Error system:13 "/proc/2704/fd" ""
2014/12/12 23:55:16.455 18731 4116190976 Q0!! HasFileOpen Error system:13 "/proc/2804/fd" ""
2014/12/12 23:55:16.456 18731 4116190976 Q0!! HasFileOpen Error system:13 "/proc/2822/fd" ""
2014/12/12 23:55:16.456 18731 4116190976 Q0!! HasFileOpen Error system:13 "/proc/2833/fd" ""
2014/12/12 23:55:16.456 18731 4116190976 Q0!! HasFileOpen Error system:13 "/proc/3374/fd" ""
2014/12/12 23:55:16.456 18731 4116190976 Q0!! HasFileOpen Error system:13 "/proc/3389/fd" ""
2014/12/12 23:55:16.456 18731 4116190976 Q0!! HasFileOpen Error system:13 "/proc/3390/fd" ""
2014/12/12 23:55:16.456 18731 4116190976 Q0!! HasFileOpen Error system:13 "/proc/3391/fd" ""
2014/12/12 23:55:16.456 18731 4116190976 Q0!! HasFileOpen Error system:13 "/proc/3392/fd" ""
2014/12/12 23:55:16.456 18731 4116190976 Q0!! HasFileOpen Error system:13 "/proc/3393/fd" ""
2014/12/12 23:55:16.456 18731 4116190976 Q0!! HasFileOpen Error system:13 "/proc/3394/fd" ""
2014/12/12 23:55:16.456 18731 4116190976 Q0!! HasFileOpen Error system:13 "/proc/3395/fd" ""
2014/12/12 23:55:16.456 18731 4116190976 Q0!! HasFileOpen Error system:13 "/proc/3975/fd" ""
2014/12/12 23:55:16.456 18731 4116190976 Q0!! HasFileOpen Error system:13 "/proc/4480/fd" ""
2014/12/12 23:55:16.456 18731 4116190976 Q0!! HasFileOpen Error system:13 "/proc/5373/fd" ""
2014/12/12 23:55:16.456 18731 4116190976 Q0!! HasFileOpen Error system:13 "/proc/5456/fd" ""
2014/12/12 23:55:16.456 18731 4116190976 Q0!! HasFileOpen Error system:13 "/proc/5457/fd" ""
2014/12/12 23:55:16.456 18731 4116190976 Q0!! HasFileOpen Error system:13 "/proc/5458/fd" ""
2014/12/12 23:55:16.456 18731 4116190976 Q0!! HasFileOpen Error system:13 "/proc/5685/fd" ""
2014/12/12 23:55:16.456 18731 4116190976 Q0!! HasFileOpen Error system:13 "/proc/6659/fd" ""
2014/12/12 23:55:16.457 18731 4116190976 Q0!! HasFileOpen Error system:13 "/proc/7383/fd" ""
2014/12/12 23:55:16.457 18731 4116190976 Q0!! HasFileOpen Error system:13 "/proc/7403/fd" ""
2014/12/12 23:55:16.457 18731 4116190976 Q0!! HasFileOpen Error system:13 "/proc/7458/fd" ""
2014/12/12 23:55:16.457 18731 4116190976 Q0!! HasFileOpen Error system:13 "/proc/8842/fd" ""
2014/12/12 23:55:16.457 18731 4116190976 Q0!! HasFileOpen Error system:13 "/proc/9706/fd" ""
2014/12/12 23:55:16.457 18731 4116190976 Q0!! HasFileOpen Error system:13 "/proc/9886/fd" ""
2014/12/12 23:55:16.457 18731 4116190976 Q0!! HasFileOpen Error system:13 "/proc/11967/fd" ""
2014/12/12 23:55:16.457 18731 4116190976 Q0!! HasFileOpen Error system:13 "/proc/12028/fd" ""
2014/12/12 23:55:16.457 18731 4116190976 Q0!! HasFileOpen Error system:13 "/proc/13672/fd" ""
2014/12/12 23:55:16.457 18731 4116190976 Q0!! HasFileOpen Error system:13 "/proc/14193/fd" ""
2014/12/12 23:55:16.457 18731 4116190976 Q0!! HasFileOpen Error system:13 "/proc/14203/fd" ""
2014/12/12 23:55:16.458 18731 4116190976 Q0!! HasFileOpen Error system:13 "/proc/14213/fd" ""
2014/12/12 23:55:16.458 18731 4116190976 Q0!! HasFileOpen Error system:13 "/proc/14214/fd" ""
2014/12/12 23:55:16.458 18731 4116190976 Q0!! HasFileOpen Error system:13 "/proc/14222/fd" ""
2014/12/12 23:55:16.458 18731 4116190976 Q0!! HasFileOpen Error system:13 "/proc/14226/fd" ""
2014/12/12 23:55:16.458 18731 4116190976 Q0!! HasFileOpen Error system:13 "/proc/14230/fd" ""
2014/12/12 23:55:16.458 18731 4116190976 Q0!! HasFileOpen Error system:13 "/proc/14377/fd" ""
2014/12/12 23:55:16.458 18731 4116190976 Q0!! HasFileOpen Error system:13 "/proc/15290/fd" ""
2014/12/12 23:55:16.458 18731 4116190976 Q0!! HasFileOpen Error system:13 "/proc/15880/fd" ""
2014/12/12 23:55:16.458 18731 4116190976 Q0!! HasFileOpen Error system:13 "/proc/15882/fd" ""
2014/12/12 23:55:16.458 18731 4116190976 Q0!! HasFileOpen Error system:13 "/proc/16136/fd" ""
2014/12/12 23:55:16.458 18731 4116190976 Q0!! HasFileOpen Error system:13 "/proc/16944/fd" ""
2014/12/12 23:55:16.458 18731 4116190976 Q0!! HasFileOpen Error system:13 "/proc/16972/fd" ""
2014/12/12 23:55:16.458 18731 4116190976 Q0!! HasFileOpen Error system:13 "/proc/17275/fd" ""
2014/12/12 23:55:16.458 18731 4116190976 Q0!! HasFileOpen Error system:13 "/proc/17399/fd" ""
2014/12/12 23:55:16.458 18731 4116190976 Q0!! HasFileOpen Error system:13 "/proc/17475/fd" ""
2014/12/12 23:55:16.458 18731 4116190976 Q0!! HasFileOpen Error system:13 "/proc/17760/fd" ""
2014/12/12 23:55:16.458 18731 4116190976 Q0!! HasFileOpen Error system:13 "/proc/18014/fd" ""
2014/12/12 23:55:16.459 18731 4116190976 Q0!! HasFileOpen Error system:13 "/proc/18112/fd" ""
2014/12/12 23:55:16.459 18731 4116190976 Q0!! HasFileOpen Error system:13 "/proc/18201/fd" ""
2014/12/12 23:55:16.459 18731 4116190976 Q0!! HasFileOpen Error system:13 "/proc/18233/fd" ""
2014/12/12 23:55:16.459 18731 4116190976 Q0!! HasFileOpen Error system:13 "/proc/18445/fd" ""
2014/12/12 23:55:16.463 18731 4116190976 Q0   XSession: Retrieved XAuth from environment (!)
2014/12/12 23:55:16.465 18731 4116190976 Q0   XSocketSessionObserver: thread_interrupted
2014/12/12 23:55:16.471 18731 4116190976 Q0   TVGuiDelegate: Running
2014/12/12 23:55:16.525 18728 2595247872 g0   Audio: PulseAudio enabled
2014/12/12 23:55:16.526 18728 2603640576 g0   PulseAudio: Connected to server 'unix:/run/user/1000/pulse/native' (protocol version 28, library version 4.0.0
2014/12/12 23:55:16.526 18728 2595247872 g0   PulseAudio: Connection established
2014/12/12 23:55:16.526 18728 2603640576 g0   PulseAudio: Exit main loop (0), err=-2
2014/12/12 23:55:16.527 18728 2603640576 g0   XClipboard: Plain data for 'CLIP_TEMPORARY'
2014/12/12 23:55:16.143    33    48 G0   Logger started.
2014/12/12 23:55:16.207    33    48 G0!! SetProcessStartupOptions(): SetProcessDEPPolicy() failed! LE=120, Errorcode=12180
2014/12/12 23:55:16.417    33    48 G0   TVW X ErrorHandler org 7e3c086e, def 7e0e68f0 cur 7d4d8712
2014/12/12 23:55:16.420    33    48 G0   Wine: Wine DLL initialized
2014/12/12 23:55:16.420    33    48 G0   Wine: wine-1.6

2014/12/12 23:55:16.423    33    48 G0   TVW SID0: SpawnSlave: loading TVGuiSlave.64
2014/12/12 23:55:16.427    33    48 G0   TVW ObserveFork: OK
2014/12/12 23:55:16.427    33    48 G0   Wine: Spawned slave process with type 0
2014/12/12 23:55:16.430    33    48 G0   TVW SID1: SpawnSlave: loading TVGuiDelegate
2014/12/12 23:55:16.440    33    48 G0   TVW ObserveFork: OK
2014/12/12 23:55:16.440    33    48 G0   Wine: Spawned slave process with type 1
2014/12/12 23:55:16.440    33    48 G0   Starting GUI master for slave type 0
2014/12/12 23:55:16.441    33    48 G0   Starting GUI master for slave type 1
2014/12/12 23:55:16.462    33    48 G0   Slave connected to GUI master
2014/12/12 23:55:16.468    33    48 G0   Monitors: X11 Windowing System, \\.\DISPLAY1, 1920x1080 (0,0), flags=21, dpi=96
2014/12/12 23:55:16.471    33    48 G0   Slave connected to GUI master
2014/12/12 23:55:16.524    33    48 G0   CMain::LoadResourceDLLs(): No custom resource dll found
2014/12/12 23:55:16.528    33    48 G0   Win32_GUI::FontReallyExists: 'Segoe UI' found 0 matches.
2014/12/12 23:55:16.528    33    48 G0   Win32_GUI::FontReallyExists: 'Liberation Sans' found 4 matches.
2014/12/12 23:55:16.540    33    48 G0   Opening local TCP connection to 127.0.0.1:5940
2014/12/12 23:55:16.541    33    48 G0   Local TCP connection established
2014/12/12 23:55:16.541    33    48 G0   Process ID:  L 18560 /  W 33
2014/12/12 23:55:16.624    33    48 G0   Received Control_InitIPC_Response processtype=1
2014/12/12 23:55:16.624    33    48 G0   Received Control_InitIPC_Response runningProcesses=3
2014/12/12 23:55:16.624    33    48 G0   Control_InitIPC_Response: all processes 3 completely initialized
2014/12/12 23:55:16.626    33    48 G0   ProxySearch: no PAC script detected via WPAD
2014/12/12 23:55:16.626    33    34 G0!! GetSimpleDisplayCertNameFromFile: File 'C:\TeamViewer\tv_w32.dll' does not exist., Errorcode=2
2014/12/12 23:55:16.626    33    48 G0   ProxySearch: no PAC script detected via WPAD
2014/12/12 23:55:16.626    33    34 G0!! VerifyTeamViewerSignature() : WinVerifyTrust failed, result=2, Errorcode=2
2014/12/12 23:55:16.626    33    34 G0!! MachineHooks: Library not found, Errorcode=2
2014/12/12 23:55:16.631    33    34 G0   MachineID m=1 - 1
2014/12/12 23:55:16.683    33    34 G0   TVW X Error 8 on ???, Req 42.0 (#245 r54525959): BadMatch (invalid parameter attributes)
2014/12/12 23:55:16.793    33    34 G0   ChatRoomManager::RegisterIncomingCommands: Registered successfully for incoming commands (after 0 retries)
2014/12/12 23:55:16.794    33    34 G0!! DragDropRegistration: could not register window, HR=80040155
2014/12/12 23:55:16.794    33    34 G0!! GetIEVersion(): could not retrieve version number from Version exception: Couldn't find Registry Key Software\Microsoft\Internet Explorer, Errorcode=120
2014/12/12 23:55:16.794    33    34 G0!  IntroScreen: not available because IE version is invalid
2014/12/12 23:55:16.850    33    34 G0   Tray created!
2014/12/12 23:55:16.850    33    34 G0   CMainWindow::ShouldShowDynamicPassword(): dynPw=1 allowIncoming=1 id=286320896 ka=0 lanAllowed=0 lanOnly=0 networkState=1 showDynPwd=0
2014/12/12 23:55:16.851    33    41 G0   IDLabelContent::UpdateImpl() IDs changed: SessionID "286320896", TSUserID "0", ServerID "0"
2014/12/12 23:55:16.856    33    34 G0   P_FORCE_WINSTATE_ONCE = WinState_Undefined
2014/12/12 23:55:16.856    33    34 G0!! ServerControl: RegisterPowerSettingNotification failed with error 0
2014/12/12 23:55:16.931 18728 2586855168 g0   PulseAudio: Connected to server 'unix:/run/user/1000/pulse/native' (protocol version 28, library version 4.0.0
2014/12/12 23:55:16.931 18728 2595247872 g0   PulseAudio: Connection established
2014/12/12 23:55:16.932 18728 2586855168 g0   PulseAudio: Exit main loop (0), err=-2
2014/12/12 23:55:17.391    33    34 G0   CMainWindow::ShouldShowDynamicPassword(): dynPw=1 allowIncoming=1 id=286320896 ka=1 lanAllowed=0 lanOnly=0 networkState=1 showDynPwd=1
2014/12/12 23:55:18.911    33    34 G0   CMainWindow::InitCloseTV(): Prepare to close TeamViewer
2014/12/12 23:55:18.911    33    34 G0!! ServerControl: UnregisterPowerSettingNotification failed with error 0
2014/12/12 23:55:18.917    33    34 G0!! MainWindow.OnDestroy: WTSUnRegisterSessionNotification failed with error 0
2014/12/12 23:55:18.919    33    34 G0   CMainWindow::OnDestroy(): Closing TeamViewer
2014/12/12 23:55:19.030 18728 2603640576 g0   XClipboard: Shutting down event loop
2014/12/12 23:55:19.064 18728 2684458880 g0   TVGuiSlave.64: Terminated
2014/12/12 23:55:19.131    33    41 G0   CTcpProcessConnector::HandleRead(): Socket gracefully closed (PID=18201)
2014/12/12 23:55:19.131    33    41 G0   CTcpProcessConnector::CloseConnection(): PID=18201
2014/12/12 23:55:19.131    33    41 G0!  InterProcessBase::EventFunction(): IPC-Connection Closed
2014/12/12 23:55:19.131    33    41 G0   CTcpProcessConnector::CloseConnection(): PID=18201
2014/12/12 23:55:19.131    33    41 G0!! CTcpProcessConnector::CloseConnection(): Shutdown socket returned error 10058: Unknown error, Errorcode=317
2014/12/12 23:55:19.131    33    41 G0!! CTcpProcessConnector::CloseConnection(): Shutdown socket returned error 10009: Unknown error, Errorcode=317
2014/12/12 23:55:19.133    33    34 G0   TVW Terminating GUI slave
2014/12/12 23:55:19.133    33    34 G0   Wine: Wine DLL freed
2014/12/12 23:55:19.133 18731 4116190976 Q0   TVGuiDelegate: Terminated
